2025-02-04 08:48:36 [] INFO  com.br.book.BookApplication - Starting BookApplication using Java 21.0.4 with PID 4568 (C:\Users\User\Documents\book\book\target\classes started by User in C:\Users\User\Documents\book)
2025-02-04 08:48:36 [] INFO  com.br.book.BookApplication - No active profile set, falling back to 1 default profile: "default"
2025-02-04 08:48:36 [] INFO  o.s.b.d.e.DevToolsPropertyDefaultsPostProcessor - Devtools property defaults active! Set 'spring.devtools.add-properties' to 'false' to disable
2025-02-04 08:48:36 [] INFO  o.s.b.d.e.DevToolsPropertyDefaultsPostProcessor - For additional web related logging consider setting the 'logging.level.web' property to 'DEBUG'
2025-02-04 08:48:37 [] INFO  o.s.d.r.c.RepositoryConfigurationDelegate - Bootstrapping Spring Data JPA repositories in DEFAULT mode.
2025-02-04 08:48:37 [] INFO  o.s.d.r.c.RepositoryConfigurationDelegate - Finished Spring Data repository scanning in 41 ms. Found 1 JPA repository interface.
2025-02-04 08:48:38 [] INFO  o.s.b.w.e.tomcat.TomcatWebServer - Tomcat initialized with port 8080 (http)
2025-02-04 08:48:38 [] INFO  o.a.coyote.http11.Http11NioProtocol - Initializing ProtocolHandler ["http-nio-8080"]
2025-02-04 08:48:38 [] INFO  o.a.catalina.core.StandardService - Starting service [Tomcat]
2025-02-04 08:48:38 [] INFO  o.a.catalina.core.StandardEngine - Starting Servlet engine: [Apache Tomcat/10.1.34]
2025-02-04 08:48:38 [] INFO  o.a.c.c.C.[Tomcat].[localhost].[/] - Initializing Spring embedded WebApplicationContext
2025-02-04 08:48:38 [] INFO  o.s.b.w.s.c.ServletWebServerApplicationContext - Root WebApplicationContext: initialization completed in 1982 ms
2025-02-04 08:48:39 [] INFO  o.h.jpa.internal.util.LogHelper - HHH000204: Processing PersistenceUnitInfo [name: default]
2025-02-04 08:48:39 [] INFO  org.hibernate.Version - HHH000412: Hibernate ORM core version 6.6.4.Final
2025-02-04 08:48:39 [] INFO  o.h.c.i.RegionFactoryInitiator - HHH000026: Second-level cache disabled
2025-02-04 08:48:39 [] INFO  o.s.o.j.p.SpringPersistenceUnitInfo - No LoadTimeWeaver setup: ignoring JPA class transformer
2025-02-04 08:48:39 [] INFO  com.zaxxer.hikari.HikariDataSource - HikariPool-1 - Starting...
2025-02-04 08:48:40 [] INFO  com.zaxxer.hikari.pool.HikariPool - HikariPool-1 - Added connection conn0: url=jdbc:h2:file:./data/book user=SA
2025-02-04 08:48:40 [] INFO  com.zaxxer.hikari.HikariDataSource - HikariPool-1 - Start completed.
2025-02-04 08:48:40 [] INFO  o.hibernate.orm.connections.pooling - HHH10001005: Database info:
	Database JDBC URL [Connecting through datasource 'HikariDataSource (HikariPool-1)']
	Database driver: undefined/unknown
	Database version: 2.3.232
	Autocommit mode: undefined/unknown
	Isolation level: undefined/unknown
	Minimum pool size: undefined/unknown
	Maximum pool size: undefined/unknown
2025-02-04 08:48:40 [] INFO  o.h.e.t.j.p.i.JtaPlatformInitiator - HHH000489: No JTA platform available (set 'hibernate.transaction.jta.platform' to enable JTA platform integration)
2025-02-04 08:48:40 [] INFO  o.s.o.j.LocalContainerEntityManagerFactoryBean - Initialized JPA EntityManagerFactory for persistence unit 'default'
2025-02-04 08:48:41 [] INFO  o.s.v.b.OptionalValidatorFactoryBean - Failed to set up a Bean Validation provider: jakarta.validation.NoProviderFoundException: Unable to create a Configuration, because no Jakarta Bean Validation provider could be found. Add a provider like Hibernate Validator (RI) to your classpath.
2025-02-04 08:48:42 [] INFO  o.s.b.a.h.H2ConsoleAutoConfiguration - H2 console available at '/h2-console'. Database available at 'jdbc:h2:file:./data/book'
2025-02-04 08:48:42 [] INFO  o.s.b.d.a.OptionalLiveReloadServer - LiveReload server is running on port 35729
2025-02-04 08:48:42 [] INFO  o.s.b.a.e.web.EndpointLinksResolver - Exposing 3 endpoints beneath base path '/actuator'
2025-02-04 08:48:42 [] INFO  o.a.coyote.http11.Http11NioProtocol - Starting ProtocolHandler ["http-nio-8080"]
2025-02-04 08:48:42 [] INFO  o.s.b.w.e.tomcat.TomcatWebServer - Tomcat started on port 8080 (http) with context path '/'
2025-02-04 08:48:42 [] INFO  com.br.book.BookApplication - Started BookApplication in 5.623 seconds (process running for 6.288)
2025-02-04 08:48:42 [] INFO  o.a.c.c.C.[Tomcat].[localhost].[/] - Initializing Spring DispatcherServlet 'dispatcherServlet'
2025-02-04 08:48:42 [] INFO  o.s.web.servlet.DispatcherServlet - Initializing Servlet 'dispatcherServlet'
2025-02-04 08:48:42 [] INFO  o.s.web.servlet.DispatcherServlet - Completed initialization in 1 ms
2025-02-04 08:48:56 [] INFO  o.s.api.AbstractOpenApiResource - Init duration for springdoc-openapi is: 138 ms
2025-02-04 08:49:30 [] INFO  com.br.book.service.BookService - Iniciando a busca por um livro com ID: 5cf1f46e-e6bb-48d2-8412-7fa063ef80d5
2025-02-04 08:49:30 [] INFO  com.br.book.service.BookService - Finalizando a busca por um livro com ID: 5cf1f46e-e6bb-48d2-8412-7fa063ef80d5
2025-02-04 08:50:08 [] INFO  com.br.book.service.BookService - Iniciando o método de busca de livros
2025-02-04 08:50:08 [] INFO  com.br.book.service.BookService - Finalizando o método de busca de livros
2025-02-04 08:51:11 [] INFO  com.br.book.service.BookService - Iniciando o método de busca de livros
2025-02-04 08:51:11 [] INFO  com.br.book.service.BookService - Finalizando o método de busca de livros
2025-02-04 08:52:20 [] INFO  com.br.book.service.BookService - Iniciando o método de busca de livros
2025-02-04 08:52:20 [] INFO  com.br.book.service.BookService - Finalizando o método de busca de livros
2025-02-04 08:54:15 [] INFO  com.br.book.service.BookService - Iniciando o método de busca de livros
2025-02-04 08:54:15 [] INFO  com.br.book.service.BookService - Finalizando o método de busca de livros
2025-02-04 08:59:32 [] INFO  o.s.b.d.a.LocalDevToolsAutoConfiguration$RestartingClassPathChangeChangedEventListener - Restarting due to 1 class path change (0 additions, 0 deletions, 1 modification)
2025-02-04 08:59:32 [] INFO  o.s.b.w.e.tomcat.GracefulShutdown - Commencing graceful shutdown. Waiting for active requests to complete
2025-02-04 08:59:32 [] INFO  o.a.coyote.http11.Http11NioProtocol - Pausing ProtocolHandler ["http-nio-8080"]
2025-02-04 08:59:32 [] INFO  o.s.b.w.e.tomcat.GracefulShutdown - Graceful shutdown complete
2025-02-04 08:59:32 [] INFO  o.a.coyote.http11.Http11NioProtocol - Stopping ProtocolHandler ["http-nio-8080"]
2025-02-04 08:59:32 [] INFO  o.s.o.j.LocalContainerEntityManagerFactoryBean - Closing JPA EntityManagerFactory for persistence unit 'default'
2025-02-04 08:59:32 [] INFO  com.zaxxer.hikari.HikariDataSource - HikariPool-1 - Shutdown initiated...
2025-02-04 08:59:32 [] INFO  com.zaxxer.hikari.HikariDataSource - HikariPool-1 - Shutdown completed.
2025-02-04 08:59:32 [] INFO  com.br.book.BookApplication - Starting BookApplication using Java 21.0.4 with PID 4568 (C:\Users\User\Documents\book\book\target\classes started by User in C:\Users\User\Documents\book)
2025-02-04 08:59:32 [] INFO  com.br.book.BookApplication - No active profile set, falling back to 1 default profile: "default"
2025-02-04 08:59:33 [] INFO  o.s.d.r.c.RepositoryConfigurationDelegate - Bootstrapping Spring Data JPA repositories in DEFAULT mode.
2025-02-04 08:59:33 [] INFO  o.s.d.r.c.RepositoryConfigurationDelegate - Finished Spring Data repository scanning in 10 ms. Found 1 JPA repository interface.
2025-02-04 08:59:33 [] INFO  o.s.b.w.e.tomcat.TomcatWebServer - Tomcat initialized with port 8080 (http)
2025-02-04 08:59:33 [] INFO  o.a.coyote.http11.Http11NioProtocol - Initializing ProtocolHandler ["http-nio-8080"]
2025-02-04 08:59:33 [] INFO  o.a.catalina.core.StandardService - Starting service [Tomcat]
2025-02-04 08:59:33 [] INFO  o.a.catalina.core.StandardEngine - Starting Servlet engine: [Apache Tomcat/10.1.34]
2025-02-04 08:59:33 [] INFO  o.a.c.c.C.[Tomcat].[localhost].[/] - Initializing Spring embedded WebApplicationContext
2025-02-04 08:59:33 [] INFO  o.s.b.w.s.c.ServletWebServerApplicationContext - Root WebApplicationContext: initialization completed in 803 ms
2025-02-04 08:59:33 [] INFO  o.h.jpa.internal.util.LogHelper - HHH000204: Processing PersistenceUnitInfo [name: default]
2025-02-04 08:59:33 [] INFO  o.h.c.i.RegionFactoryInitiator - HHH000026: Second-level cache disabled
2025-02-04 08:59:33 [] INFO  o.s.o.j.p.SpringPersistenceUnitInfo - No LoadTimeWeaver setup: ignoring JPA class transformer
2025-02-04 08:59:33 [] INFO  com.zaxxer.hikari.HikariDataSource - HikariPool-2 - Starting...
2025-02-04 08:59:33 [] INFO  com.zaxxer.hikari.pool.HikariPool - HikariPool-2 - Added connection conn11: url=jdbc:h2:file:./data/book user=SA
2025-02-04 08:59:33 [] INFO  com.zaxxer.hikari.HikariDataSource - HikariPool-2 - Start completed.
2025-02-04 08:59:33 [] INFO  o.hibernate.orm.connections.pooling - HHH10001005: Database info:
	Database JDBC URL [Connecting through datasource 'HikariDataSource (HikariPool-2)']
	Database driver: undefined/unknown
	Database version: 2.3.232
	Autocommit mode: undefined/unknown
	Isolation level: undefined/unknown
	Minimum pool size: undefined/unknown
	Maximum pool size: undefined/unknown
2025-02-04 08:59:33 [] INFO  o.h.e.t.j.p.i.JtaPlatformInitiator - HHH000489: No JTA platform available (set 'hibernate.transaction.jta.platform' to enable JTA platform integration)
2025-02-04 08:59:33 [] INFO  o.s.o.j.LocalContainerEntityManagerFactoryBean - Initialized JPA EntityManagerFactory for persistence unit 'default'
2025-02-04 08:59:33 [] INFO  o.s.v.b.OptionalValidatorFactoryBean - Failed to set up a Bean Validation provider: jakarta.validation.NoProviderFoundException: Unable to create a Configuration, because no Jakarta Bean Validation provider could be found. Add a provider like Hibernate Validator (RI) to your classpath.
2025-02-04 08:59:34 [] INFO  o.s.b.a.h.H2ConsoleAutoConfiguration - H2 console available at '/h2-console'. Database available at 'jdbc:h2:file:./data/book'
2025-02-04 08:59:34 [] INFO  o.s.b.d.a.OptionalLiveReloadServer - LiveReload server is running on port 35729
2025-02-04 08:59:34 [] INFO  o.s.b.a.e.web.EndpointLinksResolver - Exposing 3 endpoints beneath base path '/actuator'
2025-02-04 08:59:34 [] INFO  o.a.coyote.http11.Http11NioProtocol - Starting ProtocolHandler ["http-nio-8080"]
2025-02-04 08:59:34 [] INFO  o.s.b.w.e.tomcat.TomcatWebServer - Tomcat started on port 8080 (http) with context path '/'
2025-02-04 08:59:34 [] INFO  com.br.book.BookApplication - Started BookApplication in 2.05 seconds (process running for 658.871)
2025-02-04 08:59:34 [] INFO  o.s.b.d.a.ConditionEvaluationDeltaLoggingListener - Condition evaluation unchanged
2025-02-04 09:00:15 [] INFO  o.s.b.d.a.LocalDevToolsAutoConfiguration$RestartingClassPathChangeChangedEventListener - Restarting due to 1 class path change (0 additions, 0 deletions, 1 modification)
2025-02-04 09:00:15 [] INFO  o.s.b.w.e.tomcat.GracefulShutdown - Commencing graceful shutdown. Waiting for active requests to complete
2025-02-04 09:00:15 [] INFO  o.a.coyote.http11.Http11NioProtocol - Pausing ProtocolHandler ["http-nio-8080"]
2025-02-04 09:00:15 [] INFO  o.s.b.w.e.tomcat.GracefulShutdown - Graceful shutdown complete
2025-02-04 09:00:15 [] INFO  o.a.coyote.http11.Http11NioProtocol - Stopping ProtocolHandler ["http-nio-8080"]
2025-02-04 09:00:15 [] INFO  o.s.o.j.LocalContainerEntityManagerFactoryBean - Closing JPA EntityManagerFactory for persistence unit 'default'
2025-02-04 09:00:15 [] INFO  com.zaxxer.hikari.HikariDataSource - HikariPool-2 - Shutdown initiated...
2025-02-04 09:00:15 [] INFO  com.zaxxer.hikari.HikariDataSource - HikariPool-2 - Shutdown completed.
2025-02-04 09:00:15 [] INFO  com.br.book.BookApplication - Starting BookApplication using Java 21.0.4 with PID 4568 (C:\Users\User\Documents\book\book\target\classes started by User in C:\Users\User\Documents\book)
2025-02-04 09:00:15 [] INFO  com.br.book.BookApplication - No active profile set, falling back to 1 default profile: "default"
2025-02-04 09:00:15 [] INFO  o.s.d.r.c.RepositoryConfigurationDelegate - Bootstrapping Spring Data JPA repositories in DEFAULT mode.
2025-02-04 09:00:15 [] INFO  o.s.d.r.c.RepositoryConfigurationDelegate - Finished Spring Data repository scanning in 6 ms. Found 1 JPA repository interface.
2025-02-04 09:00:16 [] INFO  o.s.b.w.e.tomcat.TomcatWebServer - Tomcat initialized with port 8080 (http)
2025-02-04 09:00:16 [] INFO  o.a.coyote.http11.Http11NioProtocol - Initializing ProtocolHandler ["http-nio-8080"]
2025-02-04 09:00:16 [] INFO  o.a.catalina.core.StandardService - Starting service [Tomcat]
2025-02-04 09:00:16 [] INFO  o.a.catalina.core.StandardEngine - Starting Servlet engine: [Apache Tomcat/10.1.34]
2025-02-04 09:00:16 [] INFO  o.a.c.c.C.[Tomcat].[localhost].[/] - Initializing Spring embedded WebApplicationContext
2025-02-04 09:00:16 [] INFO  o.s.b.w.s.c.ServletWebServerApplicationContext - Root WebApplicationContext: initialization completed in 388 ms
2025-02-04 09:00:16 [] INFO  o.h.jpa.internal.util.LogHelper - HHH000204: Processing PersistenceUnitInfo [name: default]
2025-02-04 09:00:16 [] INFO  o.h.c.i.RegionFactoryInitiator - HHH000026: Second-level cache disabled
2025-02-04 09:00:16 [] INFO  o.s.o.j.p.SpringPersistenceUnitInfo - No LoadTimeWeaver setup: ignoring JPA class transformer
2025-02-04 09:00:16 [] INFO  com.zaxxer.hikari.HikariDataSource - HikariPool-3 - Starting...
2025-02-04 09:00:16 [] INFO  com.zaxxer.hikari.pool.HikariPool - HikariPool-3 - Added connection conn21: url=jdbc:h2:file:./data/book user=SA
2025-02-04 09:00:16 [] INFO  com.zaxxer.hikari.HikariDataSource - HikariPool-3 - Start completed.
2025-02-04 09:00:16 [] INFO  o.hibernate.orm.connections.pooling - HHH10001005: Database info:
	Database JDBC URL [Connecting through datasource 'HikariDataSource (HikariPool-3)']
	Database driver: undefined/unknown
	Database version: 2.3.232
	Autocommit mode: undefined/unknown
	Isolation level: undefined/unknown
	Minimum pool size: undefined/unknown
	Maximum pool size: undefined/unknown
2025-02-04 09:00:16 [] INFO  o.h.e.t.j.p.i.JtaPlatformInitiator - HHH000489: No JTA platform available (set 'hibernate.transaction.jta.platform' to enable JTA platform integration)
2025-02-04 09:00:16 [] INFO  o.s.o.j.LocalContainerEntityManagerFactoryBean - Initialized JPA EntityManagerFactory for persistence unit 'default'
2025-02-04 09:00:16 [] INFO  o.s.v.b.OptionalValidatorFactoryBean - Failed to set up a Bean Validation provider: jakarta.validation.NoProviderFoundException: Unable to create a Configuration, because no Jakarta Bean Validation provider could be found. Add a provider like Hibernate Validator (RI) to your classpath.
2025-02-04 09:00:16 [] INFO  o.s.b.a.h.H2ConsoleAutoConfiguration - H2 console available at '/h2-console'. Database available at 'jdbc:h2:file:./data/book'
2025-02-04 09:00:16 [] INFO  o.s.b.d.a.OptionalLiveReloadServer - LiveReload server is running on port 35729
2025-02-04 09:00:16 [] INFO  o.s.b.a.e.web.EndpointLinksResolver - Exposing 3 endpoints beneath base path '/actuator'
2025-02-04 09:00:16 [] INFO  o.a.coyote.http11.Http11NioProtocol - Starting ProtocolHandler ["http-nio-8080"]
2025-02-04 09:00:16 [] INFO  o.s.b.w.e.tomcat.TomcatWebServer - Tomcat started on port 8080 (http) with context path '/'
2025-02-04 09:00:16 [] INFO  com.br.book.BookApplication - Started BookApplication in 0.992 seconds (process running for 700.927)
2025-02-04 09:00:16 [] INFO  o.s.b.d.a.ConditionEvaluationDeltaLoggingListener - Condition evaluation unchanged
2025-02-04 09:00:18 [] INFO  o.s.b.w.e.tomcat.GracefulShutdown - Commencing graceful shutdown. Waiting for active requests to complete
2025-02-04 09:00:18 [] INFO  o.s.b.w.e.tomcat.GracefulShutdown - Graceful shutdown complete
2025-02-04 09:00:18 [] INFO  o.s.o.j.LocalContainerEntityManagerFactoryBean - Closing JPA EntityManagerFactory for persistence unit 'default'
2025-02-04 09:00:18 [] INFO  com.zaxxer.hikari.HikariDataSource - HikariPool-3 - Shutdown initiated...
2025-02-04 09:00:18 [] INFO  com.zaxxer.hikari.HikariDataSource - HikariPool-3 - Shutdown completed.
2025-02-04 09:06:13 [] INFO  com.br.book.BookApplication - Starting BookApplication using Java 21.0.4 with PID 2064 (C:\Users\User\Documents\book\book\target\classes started by User in C:\Users\User\Documents\book)
2025-02-04 09:06:13 [] INFO  com.br.book.BookApplication - No active profile set, falling back to 1 default profile: "default"
2025-02-04 09:06:13 [] INFO  o.s.b.d.e.DevToolsPropertyDefaultsPostProcessor - Devtools property defaults active! Set 'spring.devtools.add-properties' to 'false' to disable
2025-02-04 09:06:13 [] INFO  o.s.b.d.e.DevToolsPropertyDefaultsPostProcessor - For additional web related logging consider setting the 'logging.level.web' property to 'DEBUG'
2025-02-04 09:06:14 [] INFO  o.s.d.r.c.RepositoryConfigurationDelegate - Bootstrapping Spring Data JPA repositories in DEFAULT mode.
2025-02-04 09:06:14 [] INFO  o.s.d.r.c.RepositoryConfigurationDelegate - Finished Spring Data repository scanning in 38 ms. Found 1 JPA repository interface.
2025-02-04 09:06:15 [] INFO  o.s.b.w.e.tomcat.TomcatWebServer - Tomcat initialized with port 8080 (http)
2025-02-04 09:06:15 [] INFO  o.a.coyote.http11.Http11NioProtocol - Initializing ProtocolHandler ["http-nio-8080"]
2025-02-04 09:06:15 [] INFO  o.a.catalina.core.StandardService - Starting service [Tomcat]
2025-02-04 09:06:15 [] INFO  o.a.catalina.core.StandardEngine - Starting Servlet engine: [Apache Tomcat/10.1.34]
2025-02-04 09:06:15 [] INFO  o.a.c.c.C.[Tomcat].[localhost].[/] - Initializing Spring embedded WebApplicationContext
2025-02-04 09:06:15 [] INFO  o.s.b.w.s.c.ServletWebServerApplicationContext - Root WebApplicationContext: initialization completed in 1670 ms
2025-02-04 09:06:15 [] INFO  o.h.jpa.internal.util.LogHelper - HHH000204: Processing PersistenceUnitInfo [name: default]
2025-02-04 09:06:15 [] INFO  org.hibernate.Version - HHH000412: Hibernate ORM core version 6.6.4.Final
2025-02-04 09:06:15 [] INFO  o.h.c.i.RegionFactoryInitiator - HHH000026: Second-level cache disabled
2025-02-04 09:06:16 [] INFO  o.s.o.j.p.SpringPersistenceUnitInfo - No LoadTimeWeaver setup: ignoring JPA class transformer
2025-02-04 09:06:16 [] INFO  com.zaxxer.hikari.HikariDataSource - HikariPool-1 - Starting...
2025-02-04 09:06:16 [] INFO  com.zaxxer.hikari.pool.HikariPool - HikariPool-1 - Added connection conn0: url=jdbc:h2:file:./data/book user=SA
2025-02-04 09:06:16 [] INFO  com.zaxxer.hikari.HikariDataSource - HikariPool-1 - Start completed.
2025-02-04 09:06:16 [] INFO  o.hibernate.orm.connections.pooling - HHH10001005: Database info:
	Database JDBC URL [Connecting through datasource 'HikariDataSource (HikariPool-1)']
	Database driver: undefined/unknown
	Database version: 2.3.232
	Autocommit mode: undefined/unknown
	Isolation level: undefined/unknown
	Minimum pool size: undefined/unknown
	Maximum pool size: undefined/unknown
2025-02-04 09:06:17 [] INFO  o.h.e.t.j.p.i.JtaPlatformInitiator - HHH000489: No JTA platform available (set 'hibernate.transaction.jta.platform' to enable JTA platform integration)
2025-02-04 09:06:17 [] INFO  o.s.o.j.LocalContainerEntityManagerFactoryBean - Initialized JPA EntityManagerFactory for persistence unit 'default'
2025-02-04 09:06:17 [] INFO  o.s.v.b.OptionalValidatorFactoryBean - Failed to set up a Bean Validation provider: jakarta.validation.NoProviderFoundException: Unable to create a Configuration, because no Jakarta Bean Validation provider could be found. Add a provider like Hibernate Validator (RI) to your classpath.
2025-02-04 09:06:18 [] INFO  o.s.b.a.h.H2ConsoleAutoConfiguration - H2 console available at '/h2-console'. Database available at 'jdbc:h2:file:./data/book'
2025-02-04 09:06:18 [] INFO  o.s.b.d.a.OptionalLiveReloadServer - LiveReload server is running on port 35729
2025-02-04 09:06:18 [] INFO  o.s.b.a.e.web.EndpointLinksResolver - Exposing 3 endpoints beneath base path '/actuator'
2025-02-04 09:06:18 [] INFO  o.a.coyote.http11.Http11NioProtocol - Starting ProtocolHandler ["http-nio-8080"]
2025-02-04 09:06:18 [] INFO  o.s.b.w.e.tomcat.TomcatWebServer - Tomcat started on port 8080 (http) with context path '/'
2025-02-04 09:06:18 [] INFO  com.br.book.BookApplication - Started BookApplication in 4.869 seconds (process running for 5.518)
2025-02-04 09:06:18 [] INFO  o.a.c.c.C.[Tomcat].[localhost].[/] - Initializing Spring DispatcherServlet 'dispatcherServlet'
2025-02-04 09:06:18 [] INFO  o.s.web.servlet.DispatcherServlet - Initializing Servlet 'dispatcherServlet'
2025-02-04 09:06:18 [] INFO  o.s.web.servlet.DispatcherServlet - Completed initialization in 2 ms
2025-02-04 09:06:49 [] INFO  o.s.api.AbstractOpenApiResource - Init duration for springdoc-openapi is: 148 ms
2025-02-04 09:07:03 [] INFO  com.br.book.service.BookService - Iniciando o método de busca de livros
2025-02-04 09:07:03 [] INFO  com.br.book.service.BookService - Finalizando o método de busca de livros
2025-02-04 09:08:21 [] INFO  com.br.book.service.BookService - Iniciando criação do livro com título: A Court of Thorns and Roses
2025-02-04 09:08:21 [] INFO  com.br.book.service.BookService - Livro criado com sucesso com título: A Court of Thorns and Roses, Livro ID: 45ca6fa2-2789-4895-afd9-9980d36ef470
2025-02-04 09:08:55 [] INFO  com.br.book.service.BookService - Iniciando atualização do livro com ID: 45ca6fa2-2789-4895-afd9-9980d36ef470
2025-02-04 09:08:55 [] INFO  com.br.book.service.BookService - Livro atualizado com sucesso: A Culpa é das Estrelas
2025-02-04 09:09:26 [] INFO  o.s.b.w.e.tomcat.GracefulShutdown - Commencing graceful shutdown. Waiting for active requests to complete
2025-02-04 09:09:26 [] INFO  o.s.b.w.e.tomcat.GracefulShutdown - Graceful shutdown complete
2025-02-04 09:09:26 [] INFO  o.s.o.j.LocalContainerEntityManagerFactoryBean - Closing JPA EntityManagerFactory for persistence unit 'default'
2025-02-04 09:09:26 [] INFO  com.zaxxer.hikari.HikariDataSource - HikariPool-1 - Shutdown initiated...
2025-02-04 09:09:26 [] INFO  com.zaxxer.hikari.HikariDataSource - HikariPool-1 - Shutdown completed.
2025-02-04 22:55:18 [] INFO  com.br.book.BookApplication - Starting BookApplication using Java 21.0.4 with PID 21764 (C:\Users\User\Documents\book\book\target\classes started by User in C:\Users\User\Documents\book)
2025-02-04 22:55:18 [] INFO  com.br.book.BookApplication - No active profile set, falling back to 1 default profile: "default"
2025-02-04 22:55:18 [] INFO  o.s.b.d.e.DevToolsPropertyDefaultsPostProcessor - Devtools property defaults active! Set 'spring.devtools.add-properties' to 'false' to disable
2025-02-04 22:55:18 [] INFO  o.s.b.d.e.DevToolsPropertyDefaultsPostProcessor - For additional web related logging consider setting the 'logging.level.web' property to 'DEBUG'
2025-02-04 22:55:20 [] INFO  o.s.d.r.c.RepositoryConfigurationDelegate - Bootstrapping Spring Data JPA repositories in DEFAULT mode.
2025-02-04 22:55:20 [] INFO  o.s.d.r.c.RepositoryConfigurationDelegate - Finished Spring Data repository scanning in 39 ms. Found 1 JPA repository interface.
2025-02-04 22:55:20 [] INFO  o.s.b.w.e.tomcat.TomcatWebServer - Tomcat initialized with port 8080 (http)
2025-02-04 22:55:20 [] INFO  o.a.coyote.http11.Http11NioProtocol - Initializing ProtocolHandler ["http-nio-8080"]
2025-02-04 22:55:20 [] INFO  o.a.catalina.core.StandardService - Starting service [Tomcat]
2025-02-04 22:55:20 [] INFO  o.a.catalina.core.StandardEngine - Starting Servlet engine: [Apache Tomcat/10.1.34]
2025-02-04 22:55:20 [] INFO  o.a.c.c.C.[Tomcat].[localhost].[/] - Initializing Spring embedded WebApplicationContext
2025-02-04 22:55:20 [] INFO  o.s.b.w.s.c.ServletWebServerApplicationContext - Root WebApplicationContext: initialization completed in 2517 ms
2025-02-04 22:55:21 [] INFO  o.h.jpa.internal.util.LogHelper - HHH000204: Processing PersistenceUnitInfo [name: default]
2025-02-04 22:55:21 [] INFO  org.hibernate.Version - HHH000412: Hibernate ORM core version 6.6.4.Final
2025-02-04 22:55:21 [] INFO  o.h.c.i.RegionFactoryInitiator - HHH000026: Second-level cache disabled
2025-02-04 22:55:21 [] INFO  o.s.o.j.p.SpringPersistenceUnitInfo - No LoadTimeWeaver setup: ignoring JPA class transformer
2025-02-04 22:55:21 [] INFO  com.zaxxer.hikari.HikariDataSource - HikariPool-1 - Starting...
2025-02-04 22:55:21 [] INFO  com.zaxxer.hikari.pool.HikariPool - HikariPool-1 - Added connection conn0: url=jdbc:h2:file:./data/book user=SA
2025-02-04 22:55:21 [] INFO  com.zaxxer.hikari.HikariDataSource - HikariPool-1 - Start completed.
2025-02-04 22:55:21 [] INFO  o.hibernate.orm.connections.pooling - HHH10001005: Database info:
	Database JDBC URL [Connecting through datasource 'HikariDataSource (HikariPool-1)']
	Database driver: undefined/unknown
	Database version: 2.3.232
	Autocommit mode: undefined/unknown
	Isolation level: undefined/unknown
	Minimum pool size: undefined/unknown
	Maximum pool size: undefined/unknown
2025-02-04 22:55:22 [] INFO  o.h.e.t.j.p.i.JtaPlatformInitiator - HHH000489: No JTA platform available (set 'hibernate.transaction.jta.platform' to enable JTA platform integration)
2025-02-04 22:55:22 [] INFO  o.s.o.j.LocalContainerEntityManagerFactoryBean - Initialized JPA EntityManagerFactory for persistence unit 'default'
2025-02-04 22:55:23 [] INFO  o.s.v.b.OptionalValidatorFactoryBean - Failed to set up a Bean Validation provider: jakarta.validation.NoProviderFoundException: Unable to create a Configuration, because no Jakarta Bean Validation provider could be found. Add a provider like Hibernate Validator (RI) to your classpath.
2025-02-04 22:55:24 [] INFO  o.s.b.a.h.H2ConsoleAutoConfiguration - H2 console available at '/h2-console'. Database available at 'jdbc:h2:file:./data/book'
2025-02-04 22:55:24 [] INFO  o.s.b.d.a.OptionalLiveReloadServer - LiveReload server is running on port 35729
2025-02-04 22:55:24 [] INFO  o.s.b.a.e.web.EndpointLinksResolver - Exposing 3 endpoints beneath base path '/actuator'
2025-02-04 22:55:24 [] INFO  o.a.coyote.http11.Http11NioProtocol - Starting ProtocolHandler ["http-nio-8080"]
2025-02-04 22:55:24 [] INFO  o.s.b.w.e.tomcat.TomcatWebServer - Tomcat started on port 8080 (http) with context path '/'
2025-02-04 22:55:24 [] INFO  com.br.book.BookApplication - Started BookApplication in 7.231 seconds (process running for 8.14)
2025-02-04 22:55:25 [] INFO  o.a.c.c.C.[Tomcat].[localhost].[/] - Initializing Spring DispatcherServlet 'dispatcherServlet'
2025-02-04 22:55:25 [] INFO  o.s.web.servlet.DispatcherServlet - Initializing Servlet 'dispatcherServlet'
2025-02-04 22:55:25 [] INFO  o.s.web.servlet.DispatcherServlet - Completed initialization in 3 ms
2025-02-04 22:57:00 [] INFO  o.s.api.AbstractOpenApiResource - Init duration for springdoc-openapi is: 173 ms
2025-02-04 22:58:33 [] INFO  com.br.book.service.BookService - Iniciando o método de busca de livros
2025-02-04 22:58:33 [] INFO  com.br.book.service.BookService - Finalizando o método de busca de livros
2025-02-04 23:00:16 [] INFO  com.br.book.service.BookService - Iniciando o método de busca de livros
2025-02-04 23:00:16 [] INFO  com.br.book.service.BookService - Finalizando o método de busca de livros
2025-02-04 23:00:39 [] INFO  com.br.book.service.BookService - Iniciando criação do livro com título: Duna
2025-02-04 23:00:39 [] INFO  com.br.book.service.BookService - Livro criado com sucesso com título: Duna, Livro ID: 14b48a8a-1b29-49e7-8d88-9d5e6bc68a56
2025-02-04 23:10:10 [] INFO  o.s.b.w.e.tomcat.GracefulShutdown - Commencing graceful shutdown. Waiting for active requests to complete
2025-02-04 23:10:10 [] INFO  o.s.b.w.e.tomcat.GracefulShutdown - Graceful shutdown complete
2025-02-04 23:10:10 [] INFO  o.s.o.j.LocalContainerEntityManagerFactoryBean - Closing JPA EntityManagerFactory for persistence unit 'default'
2025-02-04 23:10:10 [] INFO  com.zaxxer.hikari.HikariDataSource - HikariPool-1 - Shutdown initiated...
2025-02-04 23:10:10 [] INFO  com.zaxxer.hikari.HikariDataSource - HikariPool-1 - Shutdown completed.
